{ "logs":
    [{
        "timeMillis": 1547488302133,
        "thread":"qtp762476028-35",
        "level":"INFO",
        "loggerName":"br.com.intelipost.logging.Logger",
        "marker":{"name":"new-client"},
        "message":"tracking.update.volume.events",
        "endOfBatch":true,
        "parameterCount":0,
        "loggerFqcn":"org.apache.logging.slf4j.Log4jLogger",
        "formattedMessage":"tracking.update.volume.events",
        "threadPriority":5,
        "threadId":35,
        "contextMap":{
            "clientId":"123",
            "hashcode":"a7ab79fa-8e39-414b-be66-38c02b11225c",
            "internal_className":"UpdateShipmentOrderVolumeStateManager",
            "internal_content":{
                "shipmentOrderId":123123,
                "stateMapping":"13",
                "clientId":123,
                "shipmentOrderVolumeNumber":"1",
                "externalCode":"",
                "alteredEventDate":null,
                "deliveryMethod":"1",
                "substatus":"PROCESSING",
                "invoiceKey":"00000000000000000000000000000000000000000000",
                "ruleActionType":null,
                "trackingCode":"XABLAUZERANEVERENDS",
                "messageParams":["1"],
                "logisticProviderId":-1,
                "invoiceSeries":"1",
                "invoiceNumber":"1000",
                "ruleName":null,
                "shipmentOrderNumber":"2815989023560",
                "shipmentOrderVolumeHistoryId":3537238,
                "ruleId":null,
                "status":"PROCESSING",
                "microStateId":6,
                "eventDate":"14/01/2019 17:51:42.105"
            },
            "internal_date":"2019-01-14T17:51:42.133",
            "internal_logger":"br.com.esprinter.commons.shipment.impl.UpdateShipmentOrderVolumeStateManager",
            "logisticProviderId":"null",
            "shipmentOrderId":"982613"
        }
    },
    {
        "timeMillis": 1547488302133,
        "thread":"qtp762476028-35",
        "level":"INFO",
        "loggerName":"br.com.intelipost.logging.Logger",
        "marker":{"name":"new-client"},
        "message":"tracking.update.volume.events",
        "endOfBatch":true,
        "parameterCount":0,
        "loggerFqcn":"org.apache.logging.slf4j.Log4jLogger",
        "formattedMessage":"tracking.update.volume.events",
        "threadPriority":5,
        "threadId":35,
        "contextMap":{
            "clientId":"123",
            "hashcode":"a7ab79fa-8e39-414b-be66-38c02b11225c",
            "internal_className":"UpdateShipmentOrderVolumeStateManager",
            "internal_content":{
                "shipmentOrderId":123123,
                "stateMapping":"13",
                "clientId":123,
                "shipmentOrderVolumeNumber":"1",
                "externalCode":"",
                "alteredEventDate":null,
                "deliveryMethod":"1",
                "substatus":"PROCESSING",
                "invoiceKey":"00000000000000000000000000000000000000000000",
                "ruleActionType":null,
                "trackingCode":"XABLAUZERANEVERENDS",
                "messageParams":["1"],
                "logisticProviderId":-1,
                "invoiceSeries":"1",
                "invoiceNumber":"1000",
                "ruleName":null,
                "shipmentOrderNumber":"2815989023560",
                "shipmentOrderVolumeHistoryId":3537238,
                "ruleId":null,
                "status":"PROCESSING",
                "microStateId":6,
                "eventDate":"14/01/2019 17:51:42.105"
            },
            "internal_date":"2019-01-14T17:51:42.133",
            "internal_logger":"br.com.esprinter.commons.shipment.impl.UpdateShipmentOrderVolumeStateManager",
            "logisticProviderId":"null",
            "shipmentOrderId":"982613"
        }
    },
    {
        "timeMillis": 1547488302133,
        "thread":"qtp762476028-35",
        "level":"INFO",
        "loggerName":"br.com.intelipost.logging.Logger",
        "marker":{"name":"new-client"},
        "message":"tracking.update.volume.events",
        "endOfBatch":true,
        "parameterCount":0,
        "loggerFqcn":"org.apache.logging.slf4j.Log4jLogger",
        "formattedMessage":"tracking.update.volume.events",
        "threadPriority":5,
        "threadId":35,
        "contextMap":{
            "clientId":"123",
            "hashcode":"a7ab79fa-8e39-414b-be66-38c02b11225c",
            "internal_className":"UpdateShipmentOrderVolumeStateManager",
            "internal_content":{
                "shipmentOrderId":123123,
                "stateMapping":"13",
                "clientId":123,
                "shipmentOrderVolumeNumber":"1",
                "externalCode":"",
                "alteredEventDate":null,
                "deliveryMethod":"1",
                "substatus":"PROCESSING",
                "invoiceKey":"00000000000000000000000000000000000000000000",
                "ruleActionType":null,
                "trackingCode":"XABLAUZERANEVERENDS",
                "messageParams":["1"],
                "logisticProviderId":-1,
                "invoiceSeries":"1",
                "invoiceNumber":"1000",
                "ruleName":null,
                "shipmentOrderNumber":"2815989023560",
                "shipmentOrderVolumeHistoryId":3537238,
                "ruleId":null,
                "status":"PROCESSING",
                "microStateId":6,
                "eventDate":"14/01/2019 17:51:42.105"
            },
            "internal_date":"2019-01-14T17:51:42.133",
            "internal_logger":"br.com.esprinter.commons.shipment.impl.UpdateShipmentOrderVolumeStateManager",
            "logisticProviderId":"null",
            "shipmentOrderId":"982613"
        }
    }]
}
